#
# There is insufficient memory for the Java Runtime Environment to continue.
# Native memory allocation (malloc) failed to allocate 1617520 bytes for Chunk::new
# Possible reasons:
#   The system is out of physical RAM or swap space
#   In 32 bit mode, the process size limit was hit
# Possible solutions:
#   Reduce memory load on the system
#   Increase physical memory or swap space
#   Check if swap backing store is full
#   Use 64 bit Java on a 64 bit OS
#   Decrease Java heap size (-Xmx/-Xms)
#   Decrease number of Java threads
#   Decrease Java thread stack sizes (-Xss)
#   Set larger code cache with -XX:ReservedCodeCacheSize=
# This output file may be truncated or incomplete.
#
#  Out of Memory Error (allocation.cpp:390), pid=12084, tid=968
#
# JRE version: Java(TM) SE Runtime Environment (8.0_66-b18) (build 1.8.0_66-b18)
# Java VM: Java HotSpot(TM) 64-Bit Server VM (25.66-b18 mixed mode windows-amd64 compressed oops)
# Failed to write core dump. Minidumps are not enabled by default on client versions of Windows
#

---------------  T H R E A D  ---------------

Current thread (0x0000000016b96800):  JavaThread "C2 CompilerThread1" daemon [_thread_in_native, id=968, stack(0x0000000016f40000,0x0000000017040000)]

Stack: [0x0000000016f40000,0x0000000017040000]
[error occurred during error reporting (printing stack bounds), id 0xc0000005]

Native frames: (J=compiled Java code, j=interpreted, Vv=VM code, C=native code)


Current CompileTask:
C2:7274276 17010       4       com.sun.tools.javac.code.Types::firstUnimplementedAbstractImpl (271 bytes)


---------------  P R O C E S S  ---------------

Java Threads: ( => current thread )
  0x000000001a450800 JavaThread "Forward streams with process: command 'C:\Program Files\Java\jdk1.8.0_66\bin\java.exe' Thread 3" [_thread_in_native, id=3428, stack(0x0000000023af0000,0x0000000023bf0000)]
  0x000000001a457800 JavaThread "Forward streams with process: command 'C:\Program Files\Java\jdk1.8.0_66\bin\java.exe' Thread 2" [_thread_in_native, id=3064, stack(0x00000000233f0000,0x00000000234f0000)]
  0x000000001a44a800 JavaThread "Forward streams with process: command 'C:\Program Files\Java\jdk1.8.0_66\bin\java.exe'" [_thread_blocked, id=6648, stack(0x0000000022a90000,0x0000000022b90000)]
  0x000000001a450000 JavaThread "Forward streams with process: command 'C:\Program Files\Java\jdk1.8.0_66\bin\java.exe' Thread 3" [_thread_in_native, id=10040, stack(0x0000000023df0000,0x0000000023ef0000)]
  0x000000001a453800 JavaThread "Forward streams with process: command 'C:\Program Files\Java\jdk1.8.0_66\bin\java.exe' Thread 2" [_thread_in_native, id=4916, stack(0x0000000023cf0000,0x0000000023df0000)]
  0x000000001a449000 JavaThread "Forward streams with process: command 'C:\Program Files\Java\jdk1.8.0_66\bin\java.exe'" [_thread_blocked, id=7136, stack(0x0000000023bf0000,0x0000000023cf0000)]
  0x000000001a44c000 JavaThread "Forward streams with process: command 'C:\Program Files\Java\jdk1.8.0_66\bin\java.exe' Thread 3" [_thread_in_native, id=1972, stack(0x00000000239f0000,0x0000000023af0000)]
  0x000000001b53a800 JavaThread "Forward streams with process: command 'C:\Program Files\Java\jdk1.8.0_66\bin\java.exe' Thread 2" [_thread_in_native, id=15248, stack(0x00000000238f0000,0x00000000239f0000)]
  0x000000001b53f000 JavaThread "Forward streams with process: command 'C:\Program Files\Java\jdk1.8.0_66\bin\java.exe'" [_thread_blocked, id=10904, stack(0x00000000237f0000,0x00000000238f0000)]
  0x000000001b53b000 JavaThread "Forward streams with process: command 'C:\Program Files\Java\jdk1.8.0_66\bin\java.exe' Thread 3" [_thread_in_native, id=9920, stack(0x00000000236f0000,0x00000000237f0000)]
  0x000000001b539800 JavaThread "Forward streams with process: command 'C:\Program Files\Java\jdk1.8.0_66\bin\java.exe' Thread 2" [_thread_in_native, id=14600, stack(0x00000000235f0000,0x00000000236f0000)]
  0x000000001b539000 JavaThread "Forward streams with process: command 'C:\Program Files\Java\jdk1.8.0_66\bin\java.exe'" [_thread_blocked, id=3144, stack(0x00000000234f0000,0x00000000235f0000)]
  0x000000001b53e000 JavaThread "Run command 'C:\Program Files\Java\jdk1.8.0_66\bin\java.exe'" [_thread_in_native, id=10560, stack(0x00000000232f0000,0x00000000233f0000)]
  0x000000001b53d800 JavaThread "Run command 'C:\Program Files\Java\jdk1.8.0_66\bin\java.exe'" [_thread_in_native, id=13152, stack(0x00000000231f0000,0x00000000232f0000)]
  0x000000001b53c800 JavaThread "Run command 'C:\Program Files\Java\jdk1.8.0_66\bin\java.exe'" [_thread_in_native, id=10540, stack(0x00000000230f0000,0x00000000231f0000)]
  0x000000001b531800 JavaThread "Run command 'C:\Program Files\Java\jdk1.8.0_66\bin\java.exe'" [_thread_in_native, id=8908, stack(0x0000000022ff0000,0x00000000230f0000)]
  0x000000001b538000 JavaThread "pool-10-thread-4" [_thread_blocked, id=10096, stack(0x0000000022d30000,0x0000000022e30000)]
  0x000000001b530800 JavaThread "pool-10-thread-3" [_thread_blocked, id=12172, stack(0x0000000022c30000,0x0000000022d30000)]
  0x000000001b532000 JavaThread "pool-10-thread-2" [_thread_blocked, id=11652, stack(0x00000000213b0000,0x00000000214b0000)]
  0x000000001b536000 JavaThread "pool-10-thread-1" [_thread_blocked, id=12796, stack(0x0000000019210000,0x0000000019310000)]
  0x000000001b533800 JavaThread "Stdin handler" [_thread_blocked, id=4604, stack(0x0000000019110000,0x0000000019210000)]
  0x000000001b533000 JavaThread "Cancel handler" [_thread_blocked, id=12420, stack(0x0000000018f10000,0x0000000019010000)]
  0x000000001b535000 JavaThread "Handler for socket connection from /127.0.0.1:56949 to /127.0.0.1:62601" [_thread_in_native, id=9500, stack(0x0000000018e10000,0x0000000018f10000)]
  0x000000001b534800 JavaThread "Daemon worker Thread 12" [_thread_blocked, id=164, stack(0x0000000019010000,0x0000000019110000)]
  0x000000001b536800 JavaThread "Daemon Thread 12" [_thread_blocked, id=10372, stack(0x0000000002b10000,0x0000000002c10000)]
  0x000000001a448800 JavaThread "File lock request listener" [_thread_in_native, id=14376, stack(0x000000001b8b0000,0x000000001b9b0000)]
  0x0000000016df7000 JavaThread "Incoming local TCP Connector on port 56949" [_thread_in_native, id=8364, stack(0x0000000018b10000,0x0000000018c10000)]
  0x0000000016ba3000 JavaThread "Service Thread" daemon [_thread_blocked, id=1540, stack(0x0000000017140000,0x0000000017240000)]
  0x0000000016b99800 JavaThread "C1 CompilerThread2" daemon [_thread_blocked, id=6484, stack(0x0000000017040000,0x0000000017140000)]
=>0x0000000016b96800 JavaThread "C2 CompilerThread1" daemon [_thread_in_native, id=968, stack(0x0000000016f40000,0x0000000017040000)]
  0x000000001553b800 JavaThread "C2 CompilerThread0" daemon [_thread_blocked, id=2636, stack(0x0000000016a40000,0x0000000016b40000)]
  0x0000000015539800 JavaThread "Attach Listener" daemon [_thread_blocked, id=6912, stack(0x0000000016940000,0x0000000016a40000)]
  0x00000000154ef800 JavaThread "Signal Dispatcher" daemon [_thread_blocked, id=4552, stack(0x0000000016840000,0x0000000016940000)]
  0x0000000002e02000 JavaThread "Finalizer" daemon [_thread_blocked, id=9844, stack(0x0000000016740000,0x0000000016840000)]
  0x0000000002dff000 JavaThread "Reference Handler" daemon [_thread_blocked, id=13240, stack(0x0000000016640000,0x0000000016740000)]
  0x0000000002b0e000 JavaThread "main" [_thread_blocked, id=10912, stack(0x0000000002c10000,0x0000000002d10000)]

Other Threads:
  0x00000000154a7000 VMThread [stack: 0x0000000016540000,0x0000000016640000] [id=2940]
  0x0000000016be5800 WatcherThread [stack: 0x0000000017240000,0x0000000017340000] [id=1244]

VM state:not at safepoint (normal execution)

VM Mutex/Monitor currently owned by a thread: None

Heap:
 PSYoungGen      total 313856K, used 234524K [0x00000000eab00000, 0x00000000ffe00000, 0x0000000100000000)
  eden space 308224K, 76% used [0x00000000eab00000,0x00000000f9007378,0x00000000fd800000)
  from space 5632K, 0% used [0x00000000fd800000,0x00000000fd800000,0x00000000fdd80000)
  to   space 19456K, 0% used [0x00000000feb00000,0x00000000feb00000,0x00000000ffe00000)
 ParOldGen       total 92672K, used 48170K [0x00000000c0000000, 0x00000000c5a80000, 0x00000000eab00000)
  object space 92672K, 51% used [0x00000000c0000000,0x00000000c2f0ab28,0x00000000c5a80000)
 Metaspace       used 61954K, capacity 69202K, committed 71552K, reserved 1110016K
  class space    used 8092K, capacity 10164K, committed 10880K, reserved 1048576K

Card table byte_map: [0x00000000121d0000,0x00000000123e0000] byte_map_base: 0x0000000011bd0000

Marking Bits: (ParMarkBitMap*) 0x00000000702da5b0
 Begin Bits: [0x0000000012940000, 0x0000000013940000)
 End Bits:   [0x0000000013940000, 0x0000000014940000)

Polling page: 0x0000000000ee0000

CodeCache: size=245760Kb used=50725Kb max_used=50818Kb free=195034Kb
 bounds [0x0000000002e10000, 0x0000000006010000, 0x0000000011e10000]
 total_blobs=13637 nmethods=12898 adapters=649
 compilation: enabled

Compilation events (10 events):
Event: 7272.879 Thread 0x0000000016b99800 nmethod 17017 0x0000000005fc7dd0 code [0x0000000005fc7f20, 0x0000000005fc80b0]
Event: 7272.880 Thread 0x0000000016b99800 17018       3       com.google.common.collect.ImmutableBiMap::of (4 bytes)
Event: 7272.880 Thread 0x0000000016b99800 nmethod 17018 0x0000000002f19bd0 code [0x0000000002f19d20, 0x0000000002f19e50]
Event: 7272.881 Thread 0x0000000016b99800 17019       3       org.gradle.internal.concurrent.ThreadFactoryImpl::newThread (63 bytes)
Event: 7272.883 Thread 0x0000000016b99800 nmethod 17019 0x0000000005fe2c90 code [0x0000000005fe2fc0, 0x0000000005fe4e28]
Event: 7272.944 Thread 0x000000001553b800 nmethod 17005 0x0000000005ff11d0 code [0x0000000005ff1b60, 0x0000000005ff9e08]
Event: 7272.946 Thread 0x000000001553b800 17014       4       com.sun.tools.javac.code.Types$SignatureGenerator::assembleSig (506 bytes)
Event: 7273.018 Thread 0x000000001553b800 nmethod 17014 0x0000000005fec3d0 code [0x0000000005fec8c0, 0x0000000005fee990]
Event: 7273.019 Thread 0x000000001553b800 17006       4       com.sun.tools.javac.code.Types$26::visitType (10 bytes)
Event: 7273.021 Thread 0x000000001553b800 nmethod 17006 0x00000000031162d0 code [0x0000000003116420, 0x0000000003116558]

GC Heap History (10 events):
Event: 6206.670 GC heap before
{Heap before GC invocations=45 (full 14):
 PSYoungGen      total 322560K, used 303104K [0x00000000eab00000, 0x00000000fff00000, 0x0000000100000000)
  eden space 303104K, 100% used [0x00000000eab00000,0x00000000fd300000,0x00000000fd300000)
  from space 19456K, 0% used [0x00000000fe800000,0x00000000fe800000,0x00000000ffb00000)
  to   space 21504K, 0% used [0x00000000fd300000,0x00000000fd300000,0x00000000fe800000)
 ParOldGen       total 92672K, used 57300K [0x00000000c0000000, 0x00000000c5a80000, 0x00000000eab00000)
  object space 92672K, 61% used [0x00000000c0000000,0x00000000c37f5180,0x00000000c5a80000)
 Metaspace       used 61783K, capacity 69044K, committed 70144K, reserved 1110016K
  class space    used 8117K, capacity 10180K, committed 10496K, reserved 1048576K
Event: 6206.716 GC heap after
Heap after GC invocations=45 (full 14):
 PSYoungGen      total 324608K, used 5015K [0x00000000eab00000, 0x0000000100000000, 0x0000000100000000)
  eden space 303104K, 0% used [0x00000000eab00000,0x00000000eab00000,0x00000000fd300000)
  from space 21504K, 23% used [0x00000000fd300000,0x00000000fd7e5e30,0x00000000fe800000)
  to   space 20480K, 0% used [0x00000000fec00000,0x00000000fec00000,0x0000000100000000)
 ParOldGen       total 92672K, used 57308K [0x00000000c0000000, 0x00000000c5a80000, 0x00000000eab00000)
  object space 92672K, 61% used [0x00000000c0000000,0x00000000c37f7180,0x00000000c5a80000)
 Metaspace       used 61783K, capacity 69044K, committed 70144K, reserved 1110016K
  class space    used 8117K, capacity 10180K, committed 10496K, reserved 1048576K
}
Event: 6208.574 GC heap before
{Heap before GC invocations=46 (full 14):
 PSYoungGen      total 324608K, used 140201K [0x00000000eab00000, 0x0000000100000000, 0x0000000100000000)
  eden space 303104K, 44% used [0x00000000eab00000,0x00000000f2f046f0,0x00000000fd300000)
  from space 21504K, 23% used [0x00000000fd300000,0x00000000fd7e5e30,0x00000000fe800000)
  to   space 20480K, 0% used [0x00000000fec00000,0x00000000fec00000,0x0000000100000000)
 ParOldGen       total 92672K, used 57308K [0x00000000c0000000, 0x00000000c5a80000, 0x00000000eab00000)
  object space 92672K, 61% used [0x00000000c0000000,0x00000000c37f7180,0x00000000c5a80000)
 Metaspace       used 62859K, capacity 70766K, committed 70912K, reserved 1110016K
  class space    used 8334K, capacity 10644K, committed 10752K, reserved 1048576K
Event: 6208.587 GC heap after
Heap after GC invocations=46 (full 14):
 PSYoungGen      total 327680K, used 10359K [0x00000000eab00000, 0x00000000fff00000, 0x0000000100000000)
  eden space 308224K, 0% used [0x00000000eab00000,0x00000000eab00000,0x00000000fd800000)
  from space 19456K, 53% used [0x00000000fec00000,0x00000000ff61dfb8,0x00000000fff00000)
  to   space 19968K, 0% used [0x00000000fd800000,0x00000000fd800000,0x00000000feb80000)
 ParOldGen       total 92672K, used 57316K [0x00000000c0000000, 0x00000000c5a80000, 0x00000000eab00000)
  object space 92672K, 61% used [0x00000000c0000000,0x00000000c37f9180,0x00000000c5a80000)
 Metaspace       used 62859K, capacity 70766K, committed 70912K, reserved 1110016K
  class space    used 8334K, capacity 10644K, committed 10752K, reserved 1048576K
}
Event: 6208.587 GC heap before
{Heap before GC invocations=47 (full 15):
 PSYoungGen      total 327680K, used 10359K [0x00000000eab00000, 0x00000000fff00000, 0x0000000100000000)
  eden space 308224K, 0% used [0x00000000eab00000,0x00000000eab00000,0x00000000fd800000)
  from space 19456K, 53% used [0x00000000fec00000,0x00000000ff61dfb8,0x00000000fff00000)
  to   space 19968K, 0% used [0x00000000fd800000,0x00000000fd800000,0x00000000feb80000)
 ParOldGen       total 92672K, used 57316K [0x00000000c0000000, 0x00000000c5a80000, 0x00000000eab00000)
  object space 92672K, 61% used [0x00000000c0000000,0x00000000c37f9180,0x00000000c5a80000)
 Metaspace       used 62859K, capacity 70766K, committed 70912K, reserved 1110016K
  class space    used 8334K, capacity 10644K, committed 10752K, reserved 1048576K
Event: 6209.389 GC heap after
Heap after GC invocations=47 (full 15):
 PSYoungGen      total 327680K, used 0K [0x00000000eab00000, 0x00000000fff00000, 0x0000000100000000)
  eden space 308224K, 0% used [0x00000000eab00000,0x00000000eab00000,0x00000000fd800000)
  from space 19456K, 0% used [0x00000000fec00000,0x00000000fec00000,0x00000000fff00000)
  to   space 19968K, 0% used [0x00000000fd800000,0x00000000fd800000,0x00000000feb80000)
 ParOldGen       total 92672K, used 62206K [0x00000000c0000000, 0x00000000c5a80000, 0x00000000eab00000)
  object space 92672K, 67% used [0x00000000c0000000,0x00000000c3cbf940,0x00000000c5a80000)
 Metaspace       used 62825K, capacity 70652K, committed 70912K, reserved 1110016K
  class space    used 8328K, capacity 10610K, committed 10752K, reserved 1048576K
}
Event: 7233.319 GC heap before
{Heap before GC invocations=48 (full 15):
 PSYoungGen      total 327680K, used 240046K [0x00000000eab00000, 0x00000000fff00000, 0x0000000100000000)
  eden space 308224K, 77% used [0x00000000eab00000,0x00000000f956b880,0x00000000fd800000)
  from space 19456K, 0% used [0x00000000fec00000,0x00000000fec00000,0x00000000fff00000)
  to   space 19968K, 0% used [0x00000000fd800000,0x00000000fd800000,0x00000000feb80000)
 ParOldGen       total 92672K, used 62206K [0x00000000c0000000, 0x00000000c5a80000, 0x00000000eab00000)
  object space 92672K, 67% used [0x00000000c0000000,0x00000000c3cbf940,0x00000000c5a80000)
 Metaspace       used 63281K, capacity 71388K, committed 71552K, reserved 1110016K
  class space    used 8392K, capacity 10760K, committed 10880K, reserved 1048576K
Event: 7233.364 GC heap after
Heap after GC invocations=48 (full 15):
 PSYoungGen      total 313856K, used 5502K [0x00000000eab00000, 0x00000000ffe00000, 0x0000000100000000)
  eden space 308224K, 0% used [0x00000000eab00000,0x00000000eab00000,0x00000000fd800000)
  from space 5632K, 97% used [0x00000000fd800000,0x00000000fdd5fb80,0x00000000fdd80000)
  to   space 19456K, 0% used [0x00000000feb00000,0x00000000feb00000,0x00000000ffe00000)
 ParOldGen       total 92672K, used 62214K [0x00000000c0000000, 0x00000000c5a80000, 0x00000000eab00000)
  object space 92672K, 67% used [0x00000000c0000000,0x00000000c3cc1940,0x00000000c5a80000)
 Metaspace       used 63281K, capacity 71388K, committed 71552K, reserved 1110016K
  class space    used 8392K, capacity 10760K, committed 10880K, reserved 1048576K
}
Event: 7233.365 GC heap before
{Heap before GC invocations=49 (full 16):
 PSYoungGen      total 313856K, used 5502K [0x00000000eab00000, 0x00000000ffe00000, 0x0000000100000000)
  eden space 308224K, 0% used [0x00000000eab00000,0x00000000eab00000,0x00000000fd800000)
  from space 5632K, 97% used [0x00000000fd800000,0x00000000fdd5fb80,0x00000000fdd80000)
  to   space 19456K, 0% used [0x00000000feb00000,0x00000000feb00000,0x00000000ffe00000)
 ParOldGen       total 92672K, used 62214K [0x00000000c0000000, 0x00000000c5a80000, 0x00000000eab00000)
  object space 92672K, 67% used [0x00000000c0000000,0x00000000c3cc1940,0x00000000c5a80000)
 Metaspace       used 63281K, capacity 71388K, committed 71552K, reserved 1110016K
  class space    used 8392K, capacity 10760K, committed 10880K, reserved 1048576K
Event: 7233.771 GC heap after
Heap after GC invocations=49 (full 16):
 PSYoungGen      total 313856K, used 0K [0x00000000eab00000, 0x00000000ffe00000, 0x0000000100000000)
  eden space 308224K, 0% used [0x00000000eab00000,0x00000000eab00000,0x00000000fd800000)
  from space 5632K, 0% used [0x00000000fd800000,0x00000000fd800000,0x00000000fdd80000)
  to   space 19456K, 0% used [0x00000000feb00000,0x00000000feb00000,0x00000000ffe00000)
 ParOldGen       total 92672K, used 48170K [0x00000000c0000000, 0x00000000c5a80000, 0x00000000eab00000)
  object space 92672K, 51% used [0x00000000c0000000,0x00000000c2f0ab28,0x00000000c5a80000)
 Metaspace       used 60825K, capacity 67006K, committed 71552K, reserved 1110016K
  class space    used 7713K, capacity 9382K, committed 10880K, reserved 1048576K
}

Deoptimization events (10 events):
Event: 7271.141 Thread 0x000000001b534800 Uncommon trap: reason=array_check action=maybe_recompile pc=0x0000000005e00544 method=org.codehaus.groovy.reflection.ParameterTypes.makeCommonArray([Ljava/lang/Object;ILjava/lang/Class;)Ljava/lang/Object; @ 46
Event: 7271.175 Thread 0x000000001b534800 Uncommon trap: reason=array_check action=maybe_recompile pc=0x0000000005f45898 method=java.util.ComparableTimSort.mergeLo(IIII)V @ 371
Event: 7271.602 Thread 0x000000001b534800 Uncommon trap: reason=array_check action=maybe_recompile pc=0x0000000005e00544 method=org.codehaus.groovy.reflection.ParameterTypes.makeCommonArray([Ljava/lang/Object;ILjava/lang/Class;)Ljava/lang/Object; @ 46
Event: 7272.179 Thread 0x000000001b534800 Uncommon trap: reason=class_check action=maybe_recompile pc=0x0000000005875308 method=org.gradle.api.internal.changedetection.state.DefaultFileCollectionSnapshotter$FileCollectionSnapshotImpl$2.next(Lorg/gradle/util/ChangeListener;)Z @ 79
Event: 7272.276 Thread 0x000000001b534800 Uncommon trap: reason=class_check action=maybe_recompile pc=0x0000000005760950 method=com.sun.tools.javac.code.Types$MembersClosureCache.visitClassType(Lcom/sun/tools/javac/code/Type$ClassType;Ljava/lang/Void;)Lcom/sun/tools/javac/code/Scope$CompoundScope;
Event: 7272.282 Thread 0x000000001b534800 Uncommon trap: reason=class_check action=maybe_recompile pc=0x0000000005f56870 method=com.sun.tools.javac.comp.Check.checkType(Lcom/sun/tools/javac/util/JCDiagnostic$DiagnosticPosition;Lcom/sun/tools/javac/code/Type;Lcom/sun/tools/javac/code/Type;Lcom/sun/¨ztHhº@
Event: 7272.282 Thread 0x000000001b534800 Uncommon trap: reason=class_check action=maybe_recompile pc=0x0000000005f56870 method=com.sun.tools.javac.comp.Check.checkType(Lcom/sun/tools/javac/util/JCDiagnostic$DiagnosticPosition;Lcom/sun/tools/javac/code/Type;Lcom/sun/tools/javac/code/Type;Lcom/sun/¿ˆ≥'Hhº@
Event: 7272.282 Thread 0x000000001b534800 Uncommon trap: reason=class_check action=maybe_recompile pc=0x0000000005f75760 method=com.sun.tools.javac.comp.Check.checkType(Lcom/sun/tools/javac/util/JCDiagnostic$DiagnosticPosition;Lcom/sun/tools/javac/code/Type;Lcom/sun/tools/javac/code/Type;Lcom/sun/WÂò9Ihº@
Event: 7272.286 Thread 0x000000001b534800 Uncommon trap: reason=unstable_if action=reinterpret pc=0x0000000005bca3f4 method=com.sun.tools.javac.code.Scope.lookup(Lcom/sun/tools/javac/util/Name;Lcom/sun/tools/javac/util/Filter;)Lcom/sun/tools/javac/code/Scope$Entry; @ 19
Event: 7272.851 Thread 0x000000001b530800 Uncommon trap: reason=unstable_if action=reinterpret pc=0x00000000037ec01c method=org.codehaus.groovy.util.LazyReference.getLocked(Z)Ljava/lang/Object; @ 17

Internal exceptions (10 events):
Event: 7270.586 Thread 0x000000001b534800 Exception <a 'java/lang/NoSuchMethodError': <clinit>> (0x00000000eab7f4e0) thrown at [C:\re\workspace\8-2-build-windows-amd64-cygwin\jdk8u66\5298\hotspot\src\share\vm\prims\jni.cpp, line 1591]
Event: 7270.609 Thread 0x000000001b534800 Exception <a 'java/lang/NoSuchMethodError': <clinit>> (0x00000000eacb4eb8) thrown at [C:\re\workspace\8-2-build-windows-amd64-cygwin\jdk8u66\5298\hotspot\src\share\vm\prims\jni.cpp, line 1591]
Event: 7270.646 Thread 0x000000001b534800 Exception <a 'java/lang/ClassNotFoundException': asLocalRepo107_rjgcl2kn6cx8e9dx7r1cnvciBeanInfo> (0x00000000eb2cfbb8) thrown at [C:\re\workspace\8-2-build-windows-amd64-cygwin\jdk8u66\5298\hotspot\src\share\vm\classfile\systemDictionary.cpp, line 210]
Event: 7270.646 Thread 0x000000001b534800 Exception <a 'java/lang/ClassNotFoundException': asLocalRepo107_rjgcl2kn6cx8e9dx7r1cnvciCustomizer> (0x00000000eb2d9100) thrown at [C:\re\workspace\8-2-build-windows-amd64-cygwin\jdk8u66\5298\hotspot\src\share\vm\classfile\systemDictionary.cpp, line 210]
Event: 7270.684 Thread 0x000000001b534800 Exception <a 'java/lang/NoSuchMethodError': <clinit>> (0x00000000eb86f930) thrown at [C:\re\workspace\8-2-build-windows-amd64-cygwin\jdk8u66\5298\hotspot\src\share\vm\prims\jni.cpp, line 1591]
Event: 7270.765 Thread 0x000000001b534800 Exception <a 'java/lang/NoSuchMethodError': <clinit>> (0x00000000ecb779a8) thrown at [C:\re\workspace\8-2-build-windows-amd64-cygwin\jdk8u66\5298\hotspot\src\share\vm\prims\jni.cpp, line 1591]
Event: 7270.765 Thread 0x000000001b534800 Exception <a 'java/lang/NoSuchMethodError': <clinit>> (0x00000000ecb7abb0) thrown at [C:\re\workspace\8-2-build-windows-amd64-cygwin\jdk8u66\5298\hotspot\src\share\vm\prims\jni.cpp, line 1591]
Event: 7271.370 Thread 0x000000001b534800 Exception <a 'java/lang/ClassNotFoundException': groovy/runtime/metaclass/[Lcom/android/build/gradle/internal/ConfigurationProvider;MetaClass> (0x00000000f098f700) thrown at [C:\re\workspace\8-2-build-windows-amd64-cygwin\jdk8u66\5298\hotspot\src\share\vm\9ê˚µ`gº@
Event: 7271.378 Thread 0x000000001b534800 Exception <a 'java/lang/ClassNotFoundException': groovy/runtime/metaclass/[Lcom/android/builder/profile/Recorder$Property;MetaClass> (0x00000000f0a62428) thrown at [C:\re\workspace\8-2-build-windows-amd64-cygwin\jdk8u66\5298\hotspot\src\share\vm\prims\jni.ìî	Õgº@
Event: 7271.801 Thread 0x000000001b534800 Exception <a 'java/lang/SecurityException'> (0x00000000f493b080) thrown at [C:\re\workspace\8-2-build-windows-amd64-cygwin\jdk8u66\5298\hotspot\src\share\vm\prims\jvm.cpp, line 1390]

Events (10 events):
Event: 7273.018 Thread 0x000000001553b800 flushing nmethod 0x00000000037d1fd0
Event: 7273.018 Thread 0x000000001553b800 flushing nmethod 0x00000000037d4e10
Event: 7273.018 Thread 0x000000001553b800 flushing nmethod 0x00000000037d64d0
Event: 7273.018 Thread 0x000000001553b800 flushing nmethod 0x00000000037d6dd0
Event: 7273.018 Thread 0x000000001553b800 flushing nmethod 0x00000000037d76d0
Event: 7273.018 Thread 0x000000001553b800 flushing nmethod 0x00000000037d8090
Event: 7273.018 Thread 0x000000001553b800 flushing nmethod 0x000000000386af10
Event: 7273.018 Thread 0x000000001553b800 flushing nmethod 0x00000000038f7510
Event: 7273.021 Thread 0x000000001553b800 flushing nmethod 0x00000000039eb1d0
Event: 7273.022 Thread 0x000000001553b800 flushing nmethod 0x0000000003bfd3d0


Dynamic libraries:
0x00007ff7d5260000 - 0x00007ff7d5297000 	C:\Program Files\Java\jdk1.8.0_66\bin\java.exe
0x00007fff6c500000 - 0x00007fff6c6c2000 	C:\Windows\SYSTEM32\ntdll.dll
0x00007fff6a4a0000 - 0x00007fff6a54d000 	C:\Windows\system32\KERNEL32.DLL
0x00007fff69370000 - 0x00007fff6954d000 	C:\Windows\system32\KERNELBASE.dll
0x00007fff6c130000 - 0x00007fff6c1d6000 	C:\Windows\system32\ADVAPI32.dll
0x00007fff6bd60000 - 0x00007fff6bdfd000 	C:\Windows\system32\msvcrt.dll
0x00007fff6bce0000 - 0x00007fff6bd3b000 	C:\Windows\system32\sechost.dll
0x00007fff6bbb0000 - 0x00007fff6bcd6000 	C:\Windows\system32\RPCRT4.dll
0x00007fff69bd0000 - 0x00007fff69d1e000 	C:\Windows\system32\USER32.dll
0x00007fff69f20000 - 0x00007fff6a0a6000 	C:\Windows\system32\GDI32.dll
0x00007fff646d0000 - 0x00007fff64944000 	C:\Windows\WinSxS\amd64_microsoft.windows.common-controls_6595b64144ccf1df_6.0.10240.16384_none_f41f7b285750ef43\COMCTL32.dll
0x00007fff69e60000 - 0x00007fff69e96000 	C:\Windows\system32\IMM32.DLL
0x00007fff6a180000 - 0x00007fff6a2dc000 	C:\Windows\system32\MSCTF.dll
0x000000006f7a0000 - 0x000000006f872000 	C:\Program Files\Java\jdk1.8.0_66\jre\bin\msvcr100.dll
0x000000006fad0000 - 0x0000000070359000 	C:\Program Files\Java\jdk1.8.0_66\jre\bin\server\jvm.dll
0x00007fff69ea0000 - 0x00007fff69ea8000 	C:\Windows\system32\PSAPI.DLL
0x00007fff65b10000 - 0x00007fff65b19000 	C:\Windows\SYSTEM32\WSOCK32.dll
0x00007fff69eb0000 - 0x00007fff69f19000 	C:\Windows\system32\WS2_32.dll
0x00007fff6a2e0000 - 0x00007fff6a2e8000 	C:\Windows\system32\NSI.dll
0x00007fff67170000 - 0x00007fff67193000 	C:\Windows\SYSTEM32\WINMM.dll
0x00007fff64c00000 - 0x00007fff64c0a000 	C:\Windows\SYSTEM32\VERSION.dll
0x00007fff67110000 - 0x00007fff6713c000 	C:\Windows\SYSTEM32\WINMMBASE.dll
0x00007fff69550000 - 0x00007fff69594000 	C:\Windows\system32\cfgmgr32.dll
0x00007fff68c20000 - 0x00007fff68c47000 	C:\Windows\SYSTEM32\DEVOBJ.dll
0x0000000072300000 - 0x000000007230f000 	C:\Program Files\Java\jdk1.8.0_66\jre\bin\verify.dll
0x00000000722d0000 - 0x00000000722f9000 	C:\Program Files\Java\jdk1.8.0_66\jre\bin\java.dll
0x00000000722b0000 - 0x00000000722c6000 	C:\Program Files\Java\jdk1.8.0_66\jre\bin\zip.dll
0x00007fff6a5b0000 - 0x00007fff6bad2000 	C:\Windows\system32\SHELL32.dll
0x00007fff695a0000 - 0x00007fff69bc8000 	C:\Windows\system32\windows.storage.dll
0x00007fff6beb0000 - 0x00007fff6c12c000 	C:\Windows\system32\combase.dll
0x00007fff6a550000 - 0x00007fff6a5a1000 	C:\Windows\system32\shlwapi.dll
0x00007fff68f30000 - 0x00007fff68f3f000 	C:\Windows\system32\kernel.appcore.dll
0x00007fff690e0000 - 0x00007fff69193000 	C:\Windows\system32\shcore.dll
0x00007fff68f60000 - 0x00007fff68faa000 	C:\Windows\system32\powrprof.dll
0x00007fff68fb0000 - 0x00007fff68fc3000 	C:\Windows\system32\profapi.dll
0x0000000072290000 - 0x00000000722aa000 	C:\Program Files\Java\jdk1.8.0_66\jre\bin\net.dll
0x00007fff68490000 - 0x00007fff684ed000 	C:\Windows\system32\mswsock.dll
0x0000000072270000 - 0x0000000072281000 	C:\Program Files\Java\jdk1.8.0_66\jre\bin\nio.dll
0x00007fff5c510000 - 0x00007fff5c522000 	C:\Users\TingYuanKeke\.gradle\native\19\windows-amd64\native-platform.dll
0x00007fff663b0000 - 0x00007fff663e8000 	C:\Windows\SYSTEM32\IPHLPAPI.DLL
0x00007fff66310000 - 0x00007fff6631b000 	C:\Windows\SYSTEM32\WINNSI.DLL
0x00007fff652c0000 - 0x00007fff652d6000 	C:\Windows\SYSTEM32\dhcpcsvc6.DLL
0x00007fff65270000 - 0x00007fff6528a000 	C:\Windows\SYSTEM32\dhcpcsvc.DLL
0x00007fff684f0000 - 0x00007fff68507000 	C:\Windows\SYSTEM32\CRYPTSP.dll
0x00007fff68c50000 - 0x00007fff68c78000 	C:\Windows\SYSTEM32\bcrypt.dll
0x00007fff68140000 - 0x00007fff68173000 	C:\Windows\system32\rsaenh.dll
0x00007fff68230000 - 0x00007fff6824f000 	C:\Windows\SYSTEM32\USERENV.dll
0x00007fff68d80000 - 0x00007fff68deb000 	C:\Windows\system32\bcryptprimitives.dll
0x00007fff68640000 - 0x00007fff6864b000 	C:\Windows\SYSTEM32\CRYPTBASE.dll
0x0000000072210000 - 0x000000007221d000 	C:\Program Files\Java\jdk1.8.0_66\jre\bin\management.dll

VM Arguments:
jvm_args: -XX:MaxPermSize=256m -XX:+HeapDumpOnOutOfMemoryError -Xmx1024m -Dfile.encoding=x-windows-950 -Duser.country=TW -Duser.language=zh -Duser.variant 
java_command: org.gradle.launcher.daemon.bootstrap.GradleDaemon 2.4 C:\Users\TingYuanKeke\.gradle C:\Users\TingYuanKeke\.gradle\daemon 10800000 f447d574-3a76-4806-9276-c884f4ce2ab1 -XX:MaxPermSize=256m -XX:+HeapDumpOnOutOfMemoryError -Xmx1024m -Dfile.encoding=x-windows-950 -Duser.country=TW -Duser.language=zh -Duser.variant
java_class_path (initial): C:\Program Files\Android\Android Studio\gradle\gradle-2.4\lib\gradle-launcher-2.4.jar
Launcher Type: SUN_STANDARD

Environment Variables:
PATH=C:\Program Files (x86)\NVIDIA Corporation\PhysX\Common;C:\ProgramData\Oracle\Java\javapath;C:\Windows\system32;C:\Windows;C:\Windows\System32\Wbem;C:\Windows\System32\WindowsPowerShell\v1.0\;C:\Program Files\Microsoft SQL Server\120\Tools\Binn\;C:\Program Files (x86)\Windows Kits\10\Windows Performance Toolkit\;C:\Program Files (x86)\nodejs\;C:\Users\TingYuanKeke\AppData\Roaming\npm;C:\MinGW\bin; 
USERNAME=TingYuanKeke
OS=Windows_NT
PROCESSOR_IDENTIFIER=Intel64 Family 6 Model 61 Stepping 4, GenuineIntel



---------------  S Y S T E M  ---------------

OS: Windows 10.0 , 64 bit Build 10240 (10.0.10240.16384)

CPU:total 4 (2 cores per cpu, 2 threads per core) family 6 model 61 stepping 4, cmov, cx8, fxsr, mmx, sse, sse2, sse3, ssse3, sse4.1, sse4.2, popcnt, avx, avx2, aes, clmul, erms, 3dnowpref, lzcnt, ht, tsc, tscinvbit, bmi1, bmi2, adx

Memory: 4k page, physical 8288656k(570584k free), swap 16235124k(142292k free)

vm_info: Java HotSpot(TM) 64-Bit Server VM (25.66-b18) for windows-amd64 JRE (1.8.0_66-b18), built on Nov  9 2015 10:51:13 by "java_re" with MS VC++ 10.0 (VS2010)

time: Tue Feb 23 06:19:47 2016
elapsed time: 7273 seconds (0d 2h 1m 13s)

