#
# There is insufficient memory for the Java Runtime Environment to continue.
# Native memory allocation (malloc) failed to allocate 1048576 bytes for AllocateHeap
# Possible reasons:
#   The system is out of physical RAM or swap space
#   In 32 bit mode, the process size limit was hit
# Possible solutions:
#   Reduce memory load on the system
#   Increase physical memory or swap space
#   Check if swap backing store is full
#   Use 64 bit Java on a 64 bit OS
#   Decrease Java heap size (-Xmx/-Xms)
#   Decrease number of Java threads
#   Decrease Java thread stack sizes (-Xss)
#   Set larger code cache with -XX:ReservedCodeCacheSize=
# This output file may be truncated or incomplete.
#
#  Out of Memory Error (memory/allocation.inline.hpp:61), pid=5884, tid=13452
#
# JRE version:  (8.0_66-b18) (build )
# Java VM: Java HotSpot(TM) 64-Bit Server VM (25.66-b18 mixed mode windows-amd64 compressed oops)
# Failed to write core dump. Minidumps are not enabled by default on client versions of Windows
#

---------------  T H R E A D  ---------------

Current thread (0x0000000003210800):  JavaThread "Unknown thread" [_thread_in_vm, id=13452, stack(0x0000000002ce0000,0x0000000002de0000)]

Stack: [0x0000000002ce0000,0x0000000002de0000]
[error occurred during error reporting (printing stack bounds), id 0xc0000005]

Native frames: (J=compiled Java code, j=interpreted, Vv=VM code, C=native code)


---------------  P R O C E S S  ---------------

Java Threads: ( => current thread )

Other Threads:

=>0x0000000003210800 (exited) JavaThread "Unknown thread" [_thread_in_vm, id=13452, stack(0x0000000002ce0000,0x0000000002de0000)]

VM state:not at safepoint (normal execution)

VM Mutex/Monitor currently owned by a thread: None

Heap:
 PSYoungGen      total 38400K, used 665K [0x00000000eab00000, 0x00000000ed580000, 0x0000000100000000)
  eden space 33280K, 2% used [0x00000000eab00000,0x00000000eaba6670,0x00000000ecb80000)
  from space 5120K, 0% used [0x00000000ed080000,0x00000000ed080000,0x00000000ed580000)
  to   space 5120K, 0% used [0x00000000ecb80000,0x00000000ecb80000,0x00000000ed080000)
 ParOldGen       total 87552K, used 0K [0x00000000c0000000, 0x00000000c5580000, 0x00000000eab00000)
  object space 87552K, 0% used [0x00000000c0000000,0x00000000c0000000,0x00000000c5580000)
 Metaspace       used 767K, capacity 4480K, committed 4480K, reserved 1056768K
  class space    used 75K, capacity 384K, committed 384K, reserved 1048576K

Card table byte_map: [0x00000000126d0000,0x00000000128e0000] byte_map_base: 0x00000000120d0000

Marking Bits: (ParMarkBitMap*) 0x00000000702da5b0
 Begin Bits: [0x0000000012e40000, 0x0000000013e40000)
 End Bits:   [0x0000000013e40000, 0x0000000014e40000)

Polling page: 0x0000000002de0000

CodeCache: size=245760Kb used=328Kb max_used=328Kb free=245431Kb
 bounds [0x0000000003310000, 0x0000000003580000, 0x0000000012310000]
 total_blobs=57 nmethods=0 adapters=37
 compilation: enabled

Compilation events (0 events):
No events

GC Heap History (0 events):
No events

Deoptimization events (0 events):
No events

Internal exceptions (0 events):
No events

Events (10 events):
Event: 0.035 loading class java/lang/Short
Event: 0.035 loading class java/lang/Short done
Event: 0.035 loading class java/lang/Integer
Event: 0.035 loading class java/lang/Integer done
Event: 0.035 loading class java/lang/Long
Event: 0.035 loading class java/lang/Long done
Event: 0.037 loading class java/lang/NullPointerException
Event: 0.037 loading class java/lang/NullPointerException done
Event: 0.037 loading class java/lang/ArithmeticException
Event: 0.037 loading class java/lang/ArithmeticException done


Dynamic libraries:
0x00007ff7d5260000 - 0x00007ff7d5297000 	C:\Program Files\Java\jdk1.8.0_66\bin\java.exe
0x00007fff6c500000 - 0x00007fff6c6c2000 	C:\Windows\SYSTEM32\ntdll.dll
0x00007fff6a4a0000 - 0x00007fff6a54d000 	C:\Windows\system32\KERNEL32.DLL
0x00007fff69370000 - 0x00007fff6954d000 	C:\Windows\system32\KERNELBASE.dll
0x00007fff6c130000 - 0x00007fff6c1d6000 	C:\Windows\system32\ADVAPI32.dll
0x00007fff6bd60000 - 0x00007fff6bdfd000 	C:\Windows\system32\msvcrt.dll
0x00007fff6bce0000 - 0x00007fff6bd3b000 	C:\Windows\system32\sechost.dll
0x00007fff6bbb0000 - 0x00007fff6bcd6000 	C:\Windows\system32\RPCRT4.dll
0x00007fff69bd0000 - 0x00007fff69d1e000 	C:\Windows\system32\USER32.dll
0x00007fff69f20000 - 0x00007fff6a0a6000 	C:\Windows\system32\GDI32.dll
0x00007fff646d0000 - 0x00007fff64944000 	C:\Windows\WinSxS\amd64_microsoft.windows.common-controls_6595b64144ccf1df_6.0.10240.16384_none_f41f7b285750ef43\COMCTL32.dll
0x00007fff69e60000 - 0x00007fff69e96000 	C:\Windows\system32\IMM32.DLL
0x00007fff6a180000 - 0x00007fff6a2dc000 	C:\Windows\system32\MSCTF.dll
0x000000006f7a0000 - 0x000000006f872000 	C:\Program Files\Java\jdk1.8.0_66\jre\bin\msvcr100.dll
0x000000006fad0000 - 0x0000000070359000 	C:\Program Files\Java\jdk1.8.0_66\jre\bin\server\jvm.dll
0x00007fff69ea0000 - 0x00007fff69ea8000 	C:\Windows\system32\PSAPI.DLL
0x00007fff65b10000 - 0x00007fff65b19000 	C:\Windows\SYSTEM32\WSOCK32.dll
0x00007fff69eb0000 - 0x00007fff69f19000 	C:\Windows\system32\WS2_32.dll
0x00007fff6a2e0000 - 0x00007fff6a2e8000 	C:\Windows\system32\NSI.dll
0x00007fff67170000 - 0x00007fff67193000 	C:\Windows\SYSTEM32\WINMM.dll
0x00007fff64c00000 - 0x00007fff64c0a000 	C:\Windows\SYSTEM32\VERSION.dll
0x00007fff67110000 - 0x00007fff6713c000 	C:\Windows\SYSTEM32\WINMMBASE.dll
0x00007fff69550000 - 0x00007fff69594000 	C:\Windows\system32\cfgmgr32.dll
0x00007fff68c20000 - 0x00007fff68c47000 	C:\Windows\SYSTEM32\DEVOBJ.dll
0x0000000072300000 - 0x000000007230f000 	C:\Program Files\Java\jdk1.8.0_66\jre\bin\verify.dll
0x00000000722d0000 - 0x00000000722f9000 	C:\Program Files\Java\jdk1.8.0_66\jre\bin\java.dll
0x00000000722b0000 - 0x00000000722c6000 	C:\Program Files\Java\jdk1.8.0_66\jre\bin\zip.dll

VM Arguments:
jvm_args: -Xmx1024M -Dfile.encoding=x-windows-950 -Duser.country=TW -Duser.language=zh -Duser.variant 
java_command: com.android.dx.command.Main --dex --num-threads=4 --output C:\Users\TingYuanKeke\Desktop\Final Project\RemoteController Client\app\build\intermediates\pre-dexed\debug\classes-7c231411057aeb24cb6621a4626eb9a26ab3ddad.jar C:\Users\TingYuanKeke\Desktop\Final Project\RemoteController Client\app\build\intermediates\exploded-aar\com.android.support\design\22.2.1\jars\classes.jar
java_class_path (initial): C:\Users\TingYuanKeke\AppData\Local\Android\sdk\build-tools\23.0.2\lib\dx.jar
Launcher Type: SUN_STANDARD

Environment Variables:
PATH=C:\Program Files (x86)\NVIDIA Corporation\PhysX\Common;C:\ProgramData\Oracle\Java\javapath;C:\Windows\system32;C:\Windows;C:\Windows\System32\Wbem;C:\Windows\System32\WindowsPowerShell\v1.0\;C:\Program Files\Microsoft SQL Server\120\Tools\Binn\;C:\Program Files (x86)\Windows Kits\10\Windows Performance Toolkit\;C:\Program Files (x86)\nodejs\;C:\Users\TingYuanKeke\AppData\Roaming\npm;C:\MinGW\bin; 
USERNAME=TingYuanKeke
OS=Windows_NT
PROCESSOR_IDENTIFIER=Intel64 Family 6 Model 61 Stepping 4, GenuineIntel



---------------  S Y S T E M  ---------------

OS: Windows 10.0 , 64 bit Build 10240 (10.0.10240.16384)

CPU:total 4 (2 cores per cpu, 2 threads per core) family 6 model 61 stepping 4, cmov, cx8, fxsr, mmx, sse, sse2, sse3, ssse3, sse4.1, sse4.2, popcnt, avx, avx2, aes, clmul, erms, 3dnowpref, lzcnt, ht, tsc, tscinvbit, bmi1, bmi2, adx

Memory: 4k page, physical 8288656k(567432k free), swap 16235124k(5412k free)

vm_info: Java HotSpot(TM) 64-Bit Server VM (25.66-b18) for windows-amd64 JRE (1.8.0_66-b18), built on Nov  9 2015 10:51:13 by "java_re" with MS VC++ 10.0 (VS2010)

time: Tue Feb 23 06:19:47 2016
elapsed time: 0 seconds (0d 0h 0m 0s)

